<?xml version="1.0" encoding="UTF-8"?>
<!-- Generated by org.testng.reporters.JUnitXMLReporter -->
<testsuite ignored="0" hostname="bdc7-l-jqygrm3" failures="1" tests="7" name="Test" time="231.769" errors="0" timestamp="2025-01-12T01:16:51 IST">
  <testcase classname="wipo.patinformed.tests.ui.Login_Test" name="hittingAppURL" time="13.006"/>
  <testcase classname="wipo.patinformed.tests.ui.differenceInFiledAndPublishedDate" name="searchPatent" time="1.177"/>
  <testcase classname="wipo.patinformed.tests.ui.differenceInFiledAndPublishedDate" name="acceptingTermsConditions" time="13.454"/>
  <testcase classname="wipo.patinformed.tests.ui.differenceInFiledAndPublishedDate" name="differenceBetweenDates" time="11.587"/>
  <testcase classname="wipo.patinformed.tests.ui.differenceInFiledAndPublishedDate" name="apiSearchCall" time="9.084"/>
  <testcase classname="wipo.patinformed.tests.ui.differenceInFiledAndPublishedDate" name="apiSearchCallforLongString" time="1.702"/>
  <testcase classname="wipo.patinformed.tests.ui.differenceInFiledAndPublishedDate" name="pageMalfunction" time="181.245">
    <failure type="java.lang.AssertionError" message="Timeout occurred while trying to interact with search area.">
      <![CDATA[java.lang.AssertionError: Timeout occurred while trying to interact with search area.
at wipo.patinformed.tests.ui.differenceInFiledAndPublishedDate.pageMalfunction(differenceInFiledAndPublishedDate.java:226)
at java.base/java.util.ArrayList.forEach(ArrayList.java:1596)
... Removed 26 stack frames]]>
    </failure>
  </testcase> <!-- pageMalfunction -->
</testsuite> <!-- Test -->
