<?xml version="1.0" encoding="UTF-8"?>
<testng-results ignored="0" total="7" passed="6" failed="1" skipped="0">
  <reporter-output>
  </reporter-output>
  <suite started-at="2025-01-12T01:13:00 IST" name="Suite" finished-at="2025-01-12T01:16:51 IST" duration-ms="231769">
    <groups>
    </groups>
    <test started-at="2025-01-12T01:13:00 IST" name="Test" finished-at="2025-01-12T01:16:51 IST" duration-ms="231769">
      <class name="wipo.patinformed.tests.ui.Login_Test">
        <test-method is-config="true" signature="launchingWebBrowser()[pri:0, instance:wipo.patinformed.tests.ui.Login_Test@68e965f5]" started-at="2025-01-12T01:12:31 IST" name="launchingWebBrowser" finished-at="2025-01-12T01:13:00 IST" duration-ms="29103" status="PASS">
          <reporter-output>
          </reporter-output>
        </test-method> <!-- launchingWebBrowser -->
        <test-method signature="hittingAppURL()[pri:0, instance:wipo.patinformed.tests.ui.Login_Test@68e965f5]" started-at="2025-01-12T01:13:00 IST" name="hittingAppURL" finished-at="2025-01-12T01:13:13 IST" duration-ms="13006" status="PASS">
          <reporter-output>
          </reporter-output>
        </test-method> <!-- hittingAppURL -->
      </class> <!-- wipo.patinformed.tests.ui.Login_Test -->
      <class name="wipo.patinformed.tests.ui.differenceInFiledAndPublishedDate">
        <test-method is-config="true" signature="launchingWebBrowser()[pri:0, instance:wipo.patinformed.tests.ui.differenceInFiledAndPublishedDate@2e1d27ba]" started-at="2025-01-12T01:13:13 IST" name="launchingWebBrowser" finished-at="2025-01-12T01:13:13 IST" duration-ms="157" status="PASS">
          <reporter-output>
          </reporter-output>
        </test-method> <!-- launchingWebBrowser -->
        <test-method signature="searchPatent()[pri:0, instance:wipo.patinformed.tests.ui.differenceInFiledAndPublishedDate@2e1d27ba]" started-at="2025-01-12T01:13:13 IST" name="searchPatent" description="Searching for patent" finished-at="2025-01-12T01:13:14 IST" duration-ms="1177" status="PASS">
          <reporter-output>
          </reporter-output>
        </test-method> <!-- searchPatent -->
        <test-method signature="acceptingTermsConditions()[pri:1, instance:wipo.patinformed.tests.ui.differenceInFiledAndPublishedDate@2e1d27ba]" started-at="2025-01-12T01:13:14 IST" name="acceptingTermsConditions" finished-at="2025-01-12T01:13:28 IST" duration-ms="13454" status="PASS">
          <reporter-output>
          </reporter-output>
        </test-method> <!-- acceptingTermsConditions -->
        <test-method signature="differenceBetweenDates()[pri:2, instance:wipo.patinformed.tests.ui.differenceInFiledAndPublishedDate@2e1d27ba]" started-at="2025-01-12T01:13:28 IST" name="differenceBetweenDates" finished-at="2025-01-12T01:13:39 IST" duration-ms="11587" status="PASS">
          <reporter-output>
          </reporter-output>
        </test-method> <!-- differenceBetweenDates -->
        <test-method signature="apiSearchCall()[pri:3, instance:wipo.patinformed.tests.ui.differenceInFiledAndPublishedDate@2e1d27ba]" started-at="2025-01-12T01:13:39 IST" name="apiSearchCall" description="API call positive test" finished-at="2025-01-12T01:13:48 IST" duration-ms="9084" status="PASS">
          <reporter-output>
          </reporter-output>
        </test-method> <!-- apiSearchCall -->
        <test-method signature="apiSearchCallforLongString()[pri:4, instance:wipo.patinformed.tests.ui.differenceInFiledAndPublishedDate@2e1d27ba]" started-at="2025-01-12T01:13:48 IST" name="apiSearchCallforLongString" description="API Long string search" finished-at="2025-01-12T01:13:50 IST" duration-ms="1702" status="PASS">
          <reporter-output>
          </reporter-output>
        </test-method> <!-- apiSearchCallforLongString -->
        <test-method signature="pageMalfunction()[pri:5, instance:wipo.patinformed.tests.ui.differenceInFiledAndPublishedDate@2e1d27ba]" started-at="2025-01-12T01:13:50 IST" name="pageMalfunction" description="Negative Test Case" finished-at="2025-01-12T01:16:51 IST" duration-ms="181245" status="FAIL">
          <exception class="java.lang.AssertionError">
            <message>
              <![CDATA[Timeout occurred while trying to interact with search area.]]>
            </message>
            <full-stacktrace>
              <![CDATA[java.lang.AssertionError: Timeout occurred while trying to interact with search area.
at org.testng.Assert.fail(Assert.java:111)
at wipo.patinformed.tests.ui.differenceInFiledAndPublishedDate.pageMalfunction(differenceInFiledAndPublishedDate.java:226)
at java.base/jdk.internal.reflect.DirectMethodHandleAccessor.invoke(DirectMethodHandleAccessor.java:103)
at java.base/java.lang.reflect.Method.invoke(Method.java:580)
at org.testng.internal.invokers.MethodInvocationHelper.invokeMethod(MethodInvocationHelper.java:141)
at org.testng.internal.invokers.TestInvoker.invokeMethod(TestInvoker.java:686)
at org.testng.internal.invokers.TestInvoker.invokeTestMethod(TestInvoker.java:230)
at org.testng.internal.invokers.MethodRunner.runInSequence(MethodRunner.java:63)
at org.testng.internal.invokers.TestInvoker$MethodInvocationAgent.invoke(TestInvoker.java:992)
at org.testng.internal.invokers.TestInvoker.invokeTestMethods(TestInvoker.java:203)
at org.testng.internal.invokers.TestMethodWorker.invokeTestMethods(TestMethodWorker.java:154)
at org.testng.internal.invokers.TestMethodWorker.run(TestMethodWorker.java:134)
at java.base/java.util.ArrayList.forEach(ArrayList.java:1596)
at org.testng.TestRunner.privateRun(TestRunner.java:739)
at org.testng.TestRunner.run(TestRunner.java:614)
at org.testng.SuiteRunner.runTest(SuiteRunner.java:421)
at org.testng.SuiteRunner.runSequentially(SuiteRunner.java:413)
at org.testng.SuiteRunner.privateRun(SuiteRunner.java:373)
at org.testng.SuiteRunner.run(SuiteRunner.java:312)
at org.testng.SuiteRunnerWorker.runSuite(SuiteRunnerWorker.java:52)
at org.testng.SuiteRunnerWorker.run(SuiteRunnerWorker.java:95)
at org.testng.TestNG.runSuitesSequentially(TestNG.java:1274)
at org.testng.TestNG.runSuitesLocally(TestNG.java:1208)
at org.testng.TestNG.runSuites(TestNG.java:1112)
at org.testng.TestNG.run(TestNG.java:1079)
at org.testng.remote.AbstractRemoteTestNG.run(AbstractRemoteTestNG.java:115)
at org.testng.remote.RemoteTestNG.initAndRun(RemoteTestNG.java:293)
at org.testng.remote.RemoteTestNG.main(RemoteTestNG.java:91)
]]>
            </full-stacktrace>
          </exception> <!-- java.lang.AssertionError -->
          <reporter-output>
          </reporter-output>
        </test-method> <!-- pageMalfunction -->
      </class> <!-- wipo.patinformed.tests.ui.differenceInFiledAndPublishedDate -->
    </test> <!-- Test -->
  </suite> <!-- Suite -->
</testng-results>
