<?xml version="1.0" encoding="UTF-8"?>
<testng-results ignored="0" total="2" passed="2" failed="0" skipped="0">
  <reporter-output>
  </reporter-output>
  <suite started-at="2025-01-08T01:20:51 IST" name="Suite" finished-at="2025-01-08T01:21:00 IST" duration-ms="8798">
    <groups>
    </groups>
    <test started-at="2025-01-08T01:20:51 IST" name="Test" finished-at="2025-01-08T01:21:00 IST" duration-ms="8798">
      <class name="wipo.patinformed.tests.differenceInFiledAndPublishedDate">
        <test-method is-config="true" signature="launchingWebBrowser()[pri:0, instance:wipo.patinformed.tests.differenceInFiledAndPublishedDate@6771beb3]" started-at="2025-01-08T01:20:55 IST" name="launchingWebBrowser" finished-at="2025-01-08T01:20:55 IST" duration-ms="28" status="PASS">
          <reporter-output>
          </reporter-output>
        </test-method> <!-- launchingWebBrowser -->
        <test-method signature="searchPatent()[pri:0, instance:wipo.patinformed.tests.differenceInFiledAndPublishedDate@6771beb3]" started-at="2025-01-08T01:20:55 IST" name="searchPatent" finished-at="2025-01-08T01:21:00 IST" duration-ms="4603" status="PASS">
          <reporter-output>
          </reporter-output>
        </test-method> <!-- searchPatent -->
      </class> <!-- wipo.patinformed.tests.differenceInFiledAndPublishedDate -->
      <class name="wipo.patinformed.tests.Login_Test">
        <test-method is-config="true" signature="launchingWebBrowser()[pri:0, instance:wipo.patinformed.tests.Login_Test@765d7657]" started-at="2025-01-08T01:20:47 IST" name="launchingWebBrowser" finished-at="2025-01-08T01:20:51 IST" duration-ms="3699" status="PASS">
          <reporter-output>
          </reporter-output>
        </test-method> <!-- launchingWebBrowser -->
        <test-method signature="hittingAppURL()[pri:0, instance:wipo.patinformed.tests.Login_Test@765d7657]" started-at="2025-01-08T01:20:51 IST" name="hittingAppURL" finished-at="2025-01-08T01:20:55 IST" duration-ms="4105" status="PASS">
          <reporter-output>
          </reporter-output>
        </test-method> <!-- hittingAppURL -->
      </class> <!-- wipo.patinformed.tests.Login_Test -->
    </test> <!-- Test -->
  </suite> <!-- Suite -->
</testng-results>
